The target system is: Linux -  - aarch64
The host system is: Linux - 6.1.68-1-stable - aarch64
Compiling the C compiler identification source file "CMakeCCompilerId.c" succeeded.
Compiler: /bsp/pro/toolchains/in-use/armcc-bm64-v13.2/bin/aarch64-none-elf-gcc 
Build flags: -Os;;;-Wformat-signedness;;;;-Wl,--build-id=none;;;-fno-PIE;-fno-PIE;--specs=nosys.specs;-fno-builtin;-fno-dwarf2-cfi-asm;-mcmodel=large;-fomit-frame-pointer;-fzero-initialized-in-bss;-fdollars-in-identifiers;-ffunction-sections;-fdata-sections;-fno-aggressive-loop-optimizations;-fno-optimize-strlen;-fno-schedule-insns;-fno-inline-small-functions;-fno-inline-functions-called-once;-fno-strict-aliasing;-finline-limit=20;-mstrict-align;-mlittle-endian;-nostartfiles;-funwind-tables;;
Id flags:  

The output was:
0
/bsp/pro/toolchains/in-use/armcc-bm64-v13.2/bin/../lib/gcc/aarch64-none-elf/13.2.1/../../../../aarch64-none-elf/bin/ld: warning: cannot find entry symbol _start; defaulting to 0000000000400000


Compilation of the C compiler identification source "CMakeCCompilerId.c" produced "a.out"

The C compiler identification is GNU, found in "/bsp/pro/hustler/rtos/uniproton/build/output/tmp/armv8_radaxzero3/CMakeFiles/3.22.1/CompilerIdC/a.out"

Checking whether the ASM compiler is GNU using "--version" matched "(GNU assembler)|(GCC)|(Free Software Foundation)":
aarch64-none-elf-gcc (Arm GNU Toolchain 13.2.rel1 (Build arm-13.7)) 13.2.1 20231009
Copyright (C) 2023 Free Software Foundation, Inc.
This is free software; see the source for copying conditions.  There is NO
warranty; not even for MERCHANTABILITY or FITNESS FOR A PARTICULAR PURPOSE.

Detecting C compiler ABI info compiled with the following output:
Change Dir: /bsp/pro/hustler/rtos/uniproton/build/output/tmp/armv8_radaxzero3/CMakeFiles/CMakeTmp

Run Build Command(s):/usr/bin/gmake -f Makefile cmTC_ef426/fast && /usr/bin/gmake  -f CMakeFiles/cmTC_ef426.dir/build.make CMakeFiles/cmTC_ef426.dir/build
gmake[1]: Entering directory '/bsp/pro/hustler/rtos/uniproton/build/output/tmp/armv8_radaxzero3/CMakeFiles/CMakeTmp'
Building C object CMakeFiles/cmTC_ef426.dir/CMakeCCompilerABI.c.o
/bsp/pro/toolchains/in-use/armcc-bm64-v13.2/bin/aarch64-none-elf-gcc -Os   -Wformat-signedness    -Wl,--build-id=none   -fno-PIE -fno-PIE --specs=nosys.specs -fno-builtin -fno-dwarf2-cfi-asm -mcmodel=large -fomit-frame-pointer -fzero-initialized-in-bss -fdollars-in-identifiers -ffunction-sections -fdata-sections -fno-aggressive-loop-optimizations -fno-optimize-strlen -fno-schedule-insns -fno-inline-small-functions -fno-inline-functions-called-once -fno-strict-aliasing -finline-limit=20 -mstrict-align -mlittle-endian -nostartfiles -funwind-tables      -v  -c /usr/share/cmake-3.22/Modules/CMakeCCompilerABI.c -o CMakeFiles/cmTC_ef426.dir/CMakeCCompilerABI.c.o -D_GNU_SOURCE -D_POSIX_THREADS -D_POSIX_THREAD_PRIORITY_SCHEDULING -D_POSIX_PRIORITY_SCHEDULING -D_POSIX_TIMERS -D_POSIX_CPUTIME -D_POSIX_THREAD_CPUTIME -D_POSIX_MONOTONIC_CLOCK -D_POSIX_TIMEOUTS -D_POSIX_CLOCK_SELECTION -D_POSIX_THREAD_PRIO_PROTECT -D_UNIX98_THREAD_MUTEX_ATTRIBUTES -D_POSIX_READER_WRITER_LOCKS -D_GNU_SOURCE -D_POSIX_THREADS -D_POSIX_THREAD_PRIORITY_SCHEDULING -D_POSIX_PRIORITY_SCHEDULING -D_POSIX_TIMERS -D_POSIX_CPUTIME -D_POSIX_THREAD_CPUTIME -D_POSIX_MONOTONIC_CLOCK -D_POSIX_TIMEOUTS -D_POSIX_CLOCK_SELECTION -D_POSIX_THREAD_PRIO_PROTECT -D_UNIX98_THREAD_MUTEX_ATTRIBUTES -D_POSIX_READER_WRITER_LOCKS
Using built-in specs.
Reading specs from /bsp/pro/toolchains/in-use/armcc-bm64-v13.2/bin/../lib/gcc/aarch64-none-elf/13.2.1/../../../../aarch64-none-elf/lib/nosys.specs
rename spec link_gcc_c_sequence to nosys_link_gcc_c_sequence
COLLECT_GCC=/bsp/pro/toolchains/in-use/armcc-bm64-v13.2/bin/aarch64-none-elf-gcc
Target: aarch64-none-elf
Configured with: /data/jenkins/workspace/GNU-toolchain/arm-13/src/gcc/configure --target=aarch64-none-elf --prefix=/data/jenkins/workspace/GNU-toolchain/arm-13/build-aarch64-none-elf/install --with-gmp=/data/jenkins/workspace/GNU-toolchain/arm-13/build-aarch64-none-elf/host-tools --with-mpfr=/data/jenkins/workspace/GNU-toolchain/arm-13/build-aarch64-none-elf/host-tools --with-mpc=/data/jenkins/workspace/GNU-toolchain/arm-13/build-aarch64-none-elf/host-tools --with-isl=/data/jenkins/workspace/GNU-toolchain/arm-13/build-aarch64-none-elf/host-tools --disable-shared --disable-nls --disable-threads --disable-tls --enable-checking=release --enable-languages=c,c++,fortran --with-newlib --with-gnu-as --with-headers=yes --with-gnu-ld --with-native-system-header-dir=/include --with-sysroot=/data/jenkins/workspace/GNU-toolchain/arm-13/build-aarch64-none-elf/install/aarch64-none-elf --with-pkgversion='Arm GNU Toolchain 13.2.rel1 (Build arm-13.7)' --with-bugurl=https://bugs.linaro.org/
Thread model: single
Supported LTO compression algorithms: zlib
gcc version 13.2.1 20231009 (Arm GNU Toolchain 13.2.rel1 (Build arm-13.7)) 
COLLECT_GCC_OPTIONS='-Os' '-Wformat-signedness' '-fno-PIE' '-specs=nosys.specs' '-fno-builtin' '-fno-dwarf2-cfi-asm' '-mcmodel=large' '-fomit-frame-pointer' '-fzero-initialized-in-bss' '-fdollars-in-identifiers' '-ffunction-sections' '-fdata-sections' '-fno-aggressive-loop-optimizations' '-fno-optimize-strlen' '-fno-schedule-insns' '-fno-inline-small-functions' '-fno-inline-functions-called-once' '-fno-strict-aliasing' '-finline-limit=20' '-mstrict-align' '-mlittle-endian' '-nostartfiles' '-funwind-tables' '-v' '-c' '-o' 'CMakeFiles/cmTC_ef426.dir/CMakeCCompilerABI.c.o' '-D' '_GNU_SOURCE' '-D' '_POSIX_THREADS' '-D' '_POSIX_THREAD_PRIORITY_SCHEDULING' '-D' '_POSIX_PRIORITY_SCHEDULING' '-D' '_POSIX_TIMERS' '-D' '_POSIX_CPUTIME' '-D' '_POSIX_THREAD_CPUTIME' '-D' '_POSIX_MONOTONIC_CLOCK' '-D' '_POSIX_TIMEOUTS' '-D' '_POSIX_CLOCK_SELECTION' '-D' '_POSIX_THREAD_PRIO_PROTECT' '-D' '_UNIX98_THREAD_MUTEX_ATTRIBUTES' '-D' '_POSIX_READER_WRITER_LOCKS' '-D' '_GNU_SOURCE' '-D' '_POSIX_THREADS' '-D' '_POSIX_THREAD_PRIORITY_SCHEDULING' '-D' '_POSIX_PRIORITY_SCHEDULING' '-D' '_POSIX_TIMERS' '-D' '_POSIX_CPUTIME' '-D' '_POSIX_THREAD_CPUTIME' '-D' '_POSIX_MONOTONIC_CLOCK' '-D' '_POSIX_TIMEOUTS' '-D' '_POSIX_CLOCK_SELECTION' '-D' '_POSIX_THREAD_PRIO_PROTECT' '-D' '_UNIX98_THREAD_MUTEX_ATTRIBUTES' '-D' '_POSIX_READER_WRITER_LOCKS' '-mabi=lp64' '-dumpdir' 'CMakeFiles/cmTC_ef426.dir/'
 /bsp/pro/toolchains/in-use/armcc-bm64-v13.2/bin/../libexec/gcc/aarch64-none-elf/13.2.1/cc1 -quiet -v -iprefix /bsp/pro/toolchains/in-use/armcc-bm64-v13.2/bin/../lib/gcc/aarch64-none-elf/13.2.1/ -isysroot /bsp/pro/toolchains/in-use/armcc-bm64-v13.2/bin/../aarch64-none-elf -D _GNU_SOURCE -D _POSIX_THREADS -D _POSIX_THREAD_PRIORITY_SCHEDULING -D _POSIX_PRIORITY_SCHEDULING -D _POSIX_TIMERS -D _POSIX_CPUTIME -D _POSIX_THREAD_CPUTIME -D _POSIX_MONOTONIC_CLOCK -D _POSIX_TIMEOUTS -D _POSIX_CLOCK_SELECTION -D _POSIX_THREAD_PRIO_PROTECT -D _UNIX98_THREAD_MUTEX_ATTRIBUTES -D _POSIX_READER_WRITER_LOCKS -D _GNU_SOURCE -D _POSIX_THREADS -D _POSIX_THREAD_PRIORITY_SCHEDULING -D _POSIX_PRIORITY_SCHEDULING -D _POSIX_TIMERS -D _POSIX_CPUTIME -D _POSIX_THREAD_CPUTIME -D _POSIX_MONOTONIC_CLOCK -D _POSIX_TIMEOUTS -D _POSIX_CLOCK_SELECTION -D _POSIX_THREAD_PRIO_PROTECT -D _UNIX98_THREAD_MUTEX_ATTRIBUTES -D _POSIX_READER_WRITER_LOCKS /usr/share/cmake-3.22/Modules/CMakeCCompilerABI.c -quiet -dumpdir CMakeFiles/cmTC_ef426.dir/ -dumpbase CMakeCCompilerABI.c.c -dumpbase-ext .c -mcmodel=large -mstrict-align -mlittle-endian -mabi=lp64 -Os -Wformat-signedness -version -fno-PIE -fno-builtin -fno-dwarf2-cfi-asm -fomit-frame-pointer -fzero-initialized-in-bss -fdollars-in-identifiers -ffunction-sections -fdata-sections -fno-aggressive-loop-optimizations -fno-optimize-strlen -fno-schedule-insns -fno-inline-small-functions -fno-inline-functions-called-once -fno-strict-aliasing -finline-limit=20 -funwind-tables -o /tmp/ccURpyaf.s
GNU C17 (Arm GNU Toolchain 13.2.rel1 (Build arm-13.7)) version 13.2.1 20231009 (aarch64-none-elf)
	compiled by GNU C version 7.5.0, GMP version 6.2.1, MPFR version 3.1.6, MPC version 1.0.3, isl version isl-0.15-1-g835ea3a-GMP

GGC heuristics: --param ggc-min-expand=100 --param ggc-min-heapsize=131072
ignoring duplicate directory "/bsp/pro/toolchains/in-use/armcc-bm64-v13.2/bin/../lib/gcc/../../lib/gcc/aarch64-none-elf/13.2.1/include"
ignoring nonexistent directory "/bsp/pro/toolchains/in-use/armcc-bm64-v13.2/bin/../aarch64-none-elf/usr/local/include"
ignoring duplicate directory "/bsp/pro/toolchains/in-use/armcc-bm64-v13.2/bin/../lib/gcc/../../lib/gcc/aarch64-none-elf/13.2.1/include-fixed"
ignoring duplicate directory "/bsp/pro/toolchains/in-use/armcc-bm64-v13.2/bin/../lib/gcc/../../lib/gcc/aarch64-none-elf/13.2.1/../../../../aarch64-none-elf/include"
ignoring duplicate directory "/bsp/pro/toolchains/in-use/armcc-bm64-v13.2/bin/../aarch64-none-elf/include"
#include "..." search starts here:
#include <...> search starts here:
 /bsp/pro/toolchains/in-use/armcc-bm64-v13.2/bin/../lib/gcc/aarch64-none-elf/13.2.1/include
 /bsp/pro/toolchains/in-use/armcc-bm64-v13.2/bin/../lib/gcc/aarch64-none-elf/13.2.1/include-fixed
 /bsp/pro/toolchains/in-use/armcc-bm64-v13.2/bin/../lib/gcc/aarch64-none-elf/13.2.1/../../../../aarch64-none-elf/include
End of search list.
Compiler executable checksum: 6f69a9c23f128f24ed80dff44fa65cea
COLLECT_GCC_OPTIONS='-Os' '-Wformat-signedness' '-fno-PIE' '-specs=nosys.specs' '-fno-builtin' '-fno-dwarf2-cfi-asm' '-mcmodel=large' '-fomit-frame-pointer' '-fzero-initialized-in-bss' '-fdollars-in-identifiers' '-ffunction-sections' '-fdata-sections' '-fno-aggressive-loop-optimizations' '-fno-optimize-strlen' '-fno-schedule-insns' '-fno-inline-small-functions' '-fno-inline-functions-called-once' '-fno-strict-aliasing' '-finline-limit=20' '-mstrict-align' '-mlittle-endian' '-nostartfiles' '-funwind-tables' '-v' '-c' '-o' 'CMakeFiles/cmTC_ef426.dir/CMakeCCompilerABI.c.o' '-D' '_GNU_SOURCE' '-D' '_POSIX_THREADS' '-D' '_POSIX_THREAD_PRIORITY_SCHEDULING' '-D' '_POSIX_PRIORITY_SCHEDULING' '-D' '_POSIX_TIMERS' '-D' '_POSIX_CPUTIME' '-D' '_POSIX_THREAD_CPUTIME' '-D' '_POSIX_MONOTONIC_CLOCK' '-D' '_POSIX_TIMEOUTS' '-D' '_POSIX_CLOCK_SELECTION' '-D' '_POSIX_THREAD_PRIO_PROTECT' '-D' '_UNIX98_THREAD_MUTEX_ATTRIBUTES' '-D' '_POSIX_READER_WRITER_LOCKS' '-D' '_GNU_SOURCE' '-D' '_POSIX_THREADS' '-D' '_POSIX_THREAD_PRIORITY_SCHEDULING' '-D' '_POSIX_PRIORITY_SCHEDULING' '-D' '_POSIX_TIMERS' '-D' '_POSIX_CPUTIME' '-D' '_POSIX_THREAD_CPUTIME' '-D' '_POSIX_MONOTONIC_CLOCK' '-D' '_POSIX_TIMEOUTS' '-D' '_POSIX_CLOCK_SELECTION' '-D' '_POSIX_THREAD_PRIO_PROTECT' '-D' '_UNIX98_THREAD_MUTEX_ATTRIBUTES' '-D' '_POSIX_READER_WRITER_LOCKS' '-mabi=lp64' '-dumpdir' 'CMakeFiles/cmTC_ef426.dir/'
 /bsp/pro/toolchains/in-use/armcc-bm64-v13.2/bin/../lib/gcc/aarch64-none-elf/13.2.1/../../../../aarch64-none-elf/bin/as -v -EL -mabi=lp64 -o CMakeFiles/cmTC_ef426.dir/CMakeCCompilerABI.c.o /tmp/ccURpyaf.s
GNU assembler version 2.41.0 (aarch64-none-elf) using BFD version (Arm GNU Toolchain 13.2.rel1 (Build arm-13.7)) 2.41.0.20231009
COMPILER_PATH=/bsp/pro/toolchains/in-use/armcc-bm64-v13.2/bin/../libexec/gcc/aarch64-none-elf/13.2.1/:/bsp/pro/toolchains/in-use/armcc-bm64-v13.2/bin/../libexec/gcc/:/bsp/pro/toolchains/in-use/armcc-bm64-v13.2/bin/../lib/gcc/aarch64-none-elf/13.2.1/../../../../aarch64-none-elf/bin/
LIBRARY_PATH=/bsp/pro/toolchains/in-use/armcc-bm64-v13.2/bin/../lib/gcc/aarch64-none-elf/13.2.1/:/bsp/pro/toolchains/in-use/armcc-bm64-v13.2/bin/../lib/gcc/:/bsp/pro/toolchains/in-use/armcc-bm64-v13.2/bin/../lib/gcc/aarch64-none-elf/13.2.1/../../../../aarch64-none-elf/lib/:/bsp/pro/toolchains/in-use/armcc-bm64-v13.2/bin/../aarch64-none-elf/lib/
COLLECT_GCC_OPTIONS='-Os' '-Wformat-signedness' '-fno-PIE' '-specs=nosys.specs' '-fno-builtin' '-fno-dwarf2-cfi-asm' '-mcmodel=large' '-fomit-frame-pointer' '-fzero-initialized-in-bss' '-fdollars-in-identifiers' '-ffunction-sections' '-fdata-sections' '-fno-aggressive-loop-optimizations' '-fno-optimize-strlen' '-fno-schedule-insns' '-fno-inline-small-functions' '-fno-inline-functions-called-once' '-fno-strict-aliasing' '-finline-limit=20' '-mstrict-align' '-mlittle-endian' '-nostartfiles' '-funwind-tables' '-v' '-c' '-o' 'CMakeFiles/cmTC_ef426.dir/CMakeCCompilerABI.c.o' '-D' '_GNU_SOURCE' '-D' '_POSIX_THREADS' '-D' '_POSIX_THREAD_PRIORITY_SCHEDULING' '-D' '_POSIX_PRIORITY_SCHEDULING' '-D' '_POSIX_TIMERS' '-D' '_POSIX_CPUTIME' '-D' '_POSIX_THREAD_CPUTIME' '-D' '_POSIX_MONOTONIC_CLOCK' '-D' '_POSIX_TIMEOUTS' '-D' '_POSIX_CLOCK_SELECTION' '-D' '_POSIX_THREAD_PRIO_PROTECT' '-D' '_UNIX98_THREAD_MUTEX_ATTRIBUTES' '-D' '_POSIX_READER_WRITER_LOCKS' '-D' '_GNU_SOURCE' '-D' '_POSIX_THREADS' '-D' '_POSIX_THREAD_PRIORITY_SCHEDULING' '-D' '_POSIX_PRIORITY_SCHEDULING' '-D' '_POSIX_TIMERS' '-D' '_POSIX_CPUTIME' '-D' '_POSIX_THREAD_CPUTIME' '-D' '_POSIX_MONOTONIC_CLOCK' '-D' '_POSIX_TIMEOUTS' '-D' '_POSIX_CLOCK_SELECTION' '-D' '_POSIX_THREAD_PRIO_PROTECT' '-D' '_UNIX98_THREAD_MUTEX_ATTRIBUTES' '-D' '_POSIX_READER_WRITER_LOCKS' '-mabi=lp64' '-dumpdir' 'CMakeFiles/cmTC_ef426.dir/CMakeCCompilerABI.c.'
Linking C executable cmTC_ef426
/usr/bin/cmake -E cmake_link_script CMakeFiles/cmTC_ef426.dir/link.txt --verbose=1
/bsp/pro/toolchains/in-use/armcc-bm64-v13.2/bin/aarch64-none-elf-gcc -Os   -Wformat-signedness    -Wl,--build-id=none   -fno-PIE -fno-PIE --specs=nosys.specs -fno-builtin -fno-dwarf2-cfi-asm -mcmodel=large -fomit-frame-pointer -fzero-initialized-in-bss -fdollars-in-identifiers -ffunction-sections -fdata-sections -fno-aggressive-loop-optimizations -fno-optimize-strlen -fno-schedule-insns -fno-inline-small-functions -fno-inline-functions-called-once -fno-strict-aliasing -finline-limit=20 -mstrict-align -mlittle-endian -nostartfiles -funwind-tables    -r   -v CMakeFiles/cmTC_ef426.dir/CMakeCCompilerABI.c.o -o cmTC_ef426 
Using built-in specs.
Reading specs from /bsp/pro/toolchains/in-use/armcc-bm64-v13.2/bin/../lib/gcc/aarch64-none-elf/13.2.1/../../../../aarch64-none-elf/lib/nosys.specs
rename spec link_gcc_c_sequence to nosys_link_gcc_c_sequence
COLLECT_GCC=/bsp/pro/toolchains/in-use/armcc-bm64-v13.2/bin/aarch64-none-elf-gcc
COLLECT_LTO_WRAPPER=/bsp/pro/toolchains/in-use/armcc-bm64-v13.2/bin/../libexec/gcc/aarch64-none-elf/13.2.1/lto-wrapper
Target: aarch64-none-elf
Configured with: /data/jenkins/workspace/GNU-toolchain/arm-13/src/gcc/configure --target=aarch64-none-elf --prefix=/data/jenkins/workspace/GNU-toolchain/arm-13/build-aarch64-none-elf/install --with-gmp=/data/jenkins/workspace/GNU-toolchain/arm-13/build-aarch64-none-elf/host-tools --with-mpfr=/data/jenkins/workspace/GNU-toolchain/arm-13/build-aarch64-none-elf/host-tools --with-mpc=/data/jenkins/workspace/GNU-toolchain/arm-13/build-aarch64-none-elf/host-tools --with-isl=/data/jenkins/workspace/GNU-toolchain/arm-13/build-aarch64-none-elf/host-tools --disable-shared --disable-nls --disable-threads --disable-tls --enable-checking=release --enable-languages=c,c++,fortran --with-newlib --with-gnu-as --with-headers=yes --with-gnu-ld --with-native-system-header-dir=/include --with-sysroot=/data/jenkins/workspace/GNU-toolchain/arm-13/build-aarch64-none-elf/install/aarch64-none-elf --with-pkgversion='Arm GNU Toolchain 13.2.rel1 (Build arm-13.7)' --with-bugurl=https://bugs.linaro.org/
Thread model: single
Supported LTO compression algorithms: zlib
gcc version 13.2.1 20231009 (Arm GNU Toolchain 13.2.rel1 (Build arm-13.7)) 
COMPILER_PATH=/bsp/pro/toolchains/in-use/armcc-bm64-v13.2/bin/../libexec/gcc/aarch64-none-elf/13.2.1/:/bsp/pro/toolchains/in-use/armcc-bm64-v13.2/bin/../libexec/gcc/:/bsp/pro/toolchains/in-use/armcc-bm64-v13.2/bin/../lib/gcc/aarch64-none-elf/13.2.1/../../../../aarch64-none-elf/bin/
LIBRARY_PATH=/bsp/pro/toolchains/in-use/armcc-bm64-v13.2/bin/../lib/gcc/aarch64-none-elf/13.2.1/:/bsp/pro/toolchains/in-use/armcc-bm64-v13.2/bin/../lib/gcc/:/bsp/pro/toolchains/in-use/armcc-bm64-v13.2/bin/../lib/gcc/aarch64-none-elf/13.2.1/../../../../aarch64-none-elf/lib/:/bsp/pro/toolchains/in-use/armcc-bm64-v13.2/bin/../aarch64-none-elf/lib/
COLLECT_GCC_OPTIONS='-Os' '-Wformat-signedness' '-fno-PIE' '-specs=nosys.specs' '-fno-builtin' '-fno-dwarf2-cfi-asm' '-mcmodel=large' '-fomit-frame-pointer' '-fzero-initialized-in-bss' '-fdollars-in-identifiers' '-ffunction-sections' '-fdata-sections' '-fno-aggressive-loop-optimizations' '-fno-optimize-strlen' '-fno-schedule-insns' '-fno-inline-small-functions' '-fno-inline-functions-called-once' '-fno-strict-aliasing' '-finline-limit=20' '-mstrict-align' '-mlittle-endian' '-nostartfiles' '-funwind-tables' '-r' '-v' '-o' 'cmTC_ef426' '-mabi=lp64' '-dumpdir' 'cmTC_ef426.'
 /bsp/pro/toolchains/in-use/armcc-bm64-v13.2/bin/../libexec/gcc/aarch64-none-elf/13.2.1/collect2 -plugin /bsp/pro/toolchains/in-use/armcc-bm64-v13.2/bin/../libexec/gcc/aarch64-none-elf/13.2.1/liblto_plugin.so -plugin-opt=/bsp/pro/toolchains/in-use/armcc-bm64-v13.2/bin/../libexec/gcc/aarch64-none-elf/13.2.1/lto-wrapper -plugin-opt=-fresolution=/tmp/cc07tFJ9.res -plugin-opt=-pass-through=-lgcc -plugin-opt=-pass-through=-lc -plugin-opt=-pass-through=-lgcc -plugin-opt=-pass-through=-lgcc -plugin-opt=-pass-through=-lc -plugin-opt=-pass-through=-lnosys --sysroot=/bsp/pro/toolchains/in-use/armcc-bm64-v13.2/bin/../aarch64-none-elf -EL -X -maarch64elf -o cmTC_ef426 -r -L/bsp/pro/toolchains/in-use/armcc-bm64-v13.2/bin/../lib/gcc/aarch64-none-elf/13.2.1 -L/bsp/pro/toolchains/in-use/armcc-bm64-v13.2/bin/../lib/gcc -L/bsp/pro/toolchains/in-use/armcc-bm64-v13.2/bin/../lib/gcc/aarch64-none-elf/13.2.1/../../../../aarch64-none-elf/lib -L/bsp/pro/toolchains/in-use/armcc-bm64-v13.2/bin/../aarch64-none-elf/lib --build-id=none CMakeFiles/cmTC_ef426.dir/CMakeCCompilerABI.c.o
COLLECT_GCC_OPTIONS='-Os' '-Wformat-signedness' '-fno-PIE' '-specs=nosys.specs' '-fno-builtin' '-fno-dwarf2-cfi-asm' '-mcmodel=large' '-fomit-frame-pointer' '-fzero-initialized-in-bss' '-fdollars-in-identifiers' '-ffunction-sections' '-fdata-sections' '-fno-aggressive-loop-optimizations' '-fno-optimize-strlen' '-fno-schedule-insns' '-fno-inline-small-functions' '-fno-inline-functions-called-once' '-fno-strict-aliasing' '-finline-limit=20' '-mstrict-align' '-mlittle-endian' '-nostartfiles' '-funwind-tables' '-r' '-v' '-o' 'cmTC_ef426' '-mabi=lp64' '-dumpdir' 'cmTC_ef426.'
gmake[1]: Leaving directory '/bsp/pro/hustler/rtos/uniproton/build/output/tmp/armv8_radaxzero3/CMakeFiles/CMakeTmp'



Parsed C implicit include dir info from above output: rv=done
  found start of include info
  found start of implicit include info
    add: [/bsp/pro/toolchains/in-use/armcc-bm64-v13.2/bin/../lib/gcc/aarch64-none-elf/13.2.1/include]
    add: [/bsp/pro/toolchains/in-use/armcc-bm64-v13.2/bin/../lib/gcc/aarch64-none-elf/13.2.1/include-fixed]
    add: [/bsp/pro/toolchains/in-use/armcc-bm64-v13.2/bin/../lib/gcc/aarch64-none-elf/13.2.1/../../../../aarch64-none-elf/include]
  end of search list found
  collapse include dir [/bsp/pro/toolchains/in-use/armcc-bm64-v13.2/bin/../lib/gcc/aarch64-none-elf/13.2.1/include] ==> [/bsp/pro/toolchains/in-use/armcc-bm64-v13.2/lib/gcc/aarch64-none-elf/13.2.1/include]
  collapse include dir [/bsp/pro/toolchains/in-use/armcc-bm64-v13.2/bin/../lib/gcc/aarch64-none-elf/13.2.1/include-fixed] ==> [/bsp/pro/toolchains/in-use/armcc-bm64-v13.2/lib/gcc/aarch64-none-elf/13.2.1/include-fixed]
  collapse include dir [/bsp/pro/toolchains/in-use/armcc-bm64-v13.2/bin/../lib/gcc/aarch64-none-elf/13.2.1/../../../../aarch64-none-elf/include] ==> [/bsp/pro/toolchains/in-use/armcc-bm64-v13.2/aarch64-none-elf/include]
  implicit include dirs: [/bsp/pro/toolchains/in-use/armcc-bm64-v13.2/lib/gcc/aarch64-none-elf/13.2.1/include;/bsp/pro/toolchains/in-use/armcc-bm64-v13.2/lib/gcc/aarch64-none-elf/13.2.1/include-fixed;/bsp/pro/toolchains/in-use/armcc-bm64-v13.2/aarch64-none-elf/include]


Parsed C implicit link information from above output:
  link line regex: [^( *|.*[/\])(aarch64-none-elf-ld|CMAKE_LINK_STARTFILE-NOTFOUND|([^/\]+-)?ld|collect2)[^/\]*( |$)]
  ignore line: [Change Dir: /bsp/pro/hustler/rtos/uniproton/build/output/tmp/armv8_radaxzero3/CMakeFiles/CMakeTmp]
  ignore line: []
  ignore line: [Run Build Command(s):/usr/bin/gmake -f Makefile cmTC_ef426/fast && /usr/bin/gmake  -f CMakeFiles/cmTC_ef426.dir/build.make CMakeFiles/cmTC_ef426.dir/build]
  ignore line: [gmake[1]: Entering directory '/bsp/pro/hustler/rtos/uniproton/build/output/tmp/armv8_radaxzero3/CMakeFiles/CMakeTmp']
  ignore line: [Building C object CMakeFiles/cmTC_ef426.dir/CMakeCCompilerABI.c.o]
  ignore line: [/bsp/pro/toolchains/in-use/armcc-bm64-v13.2/bin/aarch64-none-elf-gcc -Os   -Wformat-signedness    -Wl --build-id=none   -fno-PIE -fno-PIE --specs=nosys.specs -fno-builtin -fno-dwarf2-cfi-asm -mcmodel=large -fomit-frame-pointer -fzero-initialized-in-bss -fdollars-in-identifiers -ffunction-sections -fdata-sections -fno-aggressive-loop-optimizations -fno-optimize-strlen -fno-schedule-insns -fno-inline-small-functions -fno-inline-functions-called-once -fno-strict-aliasing -finline-limit=20 -mstrict-align -mlittle-endian -nostartfiles -funwind-tables      -v  -c /usr/share/cmake-3.22/Modules/CMakeCCompilerABI.c -o CMakeFiles/cmTC_ef426.dir/CMakeCCompilerABI.c.o -D_GNU_SOURCE -D_POSIX_THREADS -D_POSIX_THREAD_PRIORITY_SCHEDULING -D_POSIX_PRIORITY_SCHEDULING -D_POSIX_TIMERS -D_POSIX_CPUTIME -D_POSIX_THREAD_CPUTIME -D_POSIX_MONOTONIC_CLOCK -D_POSIX_TIMEOUTS -D_POSIX_CLOCK_SELECTION -D_POSIX_THREAD_PRIO_PROTECT -D_UNIX98_THREAD_MUTEX_ATTRIBUTES -D_POSIX_READER_WRITER_LOCKS -D_GNU_SOURCE -D_POSIX_THREADS -D_POSIX_THREAD_PRIORITY_SCHEDULING -D_POSIX_PRIORITY_SCHEDULING -D_POSIX_TIMERS -D_POSIX_CPUTIME -D_POSIX_THREAD_CPUTIME -D_POSIX_MONOTONIC_CLOCK -D_POSIX_TIMEOUTS -D_POSIX_CLOCK_SELECTION -D_POSIX_THREAD_PRIO_PROTECT -D_UNIX98_THREAD_MUTEX_ATTRIBUTES -D_POSIX_READER_WRITER_LOCKS]
  ignore line: [Using built-in specs.]
  ignore line: [Reading specs from /bsp/pro/toolchains/in-use/armcc-bm64-v13.2/bin/../lib/gcc/aarch64-none-elf/13.2.1/../../../../aarch64-none-elf/lib/nosys.specs]
  ignore line: [rename spec link_gcc_c_sequence to nosys_link_gcc_c_sequence]
  ignore line: [COLLECT_GCC=/bsp/pro/toolchains/in-use/armcc-bm64-v13.2/bin/aarch64-none-elf-gcc]
  ignore line: [Target: aarch64-none-elf]
  ignore line: [Configured with: /data/jenkins/workspace/GNU-toolchain/arm-13/src/gcc/configure --target=aarch64-none-elf --prefix=/data/jenkins/workspace/GNU-toolchain/arm-13/build-aarch64-none-elf/install --with-gmp=/data/jenkins/workspace/GNU-toolchain/arm-13/build-aarch64-none-elf/host-tools --with-mpfr=/data/jenkins/workspace/GNU-toolchain/arm-13/build-aarch64-none-elf/host-tools --with-mpc=/data/jenkins/workspace/GNU-toolchain/arm-13/build-aarch64-none-elf/host-tools --with-isl=/data/jenkins/workspace/GNU-toolchain/arm-13/build-aarch64-none-elf/host-tools --disable-shared --disable-nls --disable-threads --disable-tls --enable-checking=release --enable-languages=c,c++,fortran --with-newlib --with-gnu-as --with-headers=yes --with-gnu-ld --with-native-system-header-dir=/include --with-sysroot=/data/jenkins/workspace/GNU-toolchain/arm-13/build-aarch64-none-elf/install/aarch64-none-elf --with-pkgversion='Arm GNU Toolchain 13.2.rel1 (Build arm-13.7)' --with-bugurl=https://bugs.linaro.org/]
  ignore line: [Thread model: single]
  ignore line: [Supported LTO compression algorithms: zlib]
  ignore line: [gcc version 13.2.1 20231009 (Arm GNU Toolchain 13.2.rel1 (Build arm-13.7)) ]
  ignore line: [COLLECT_GCC_OPTIONS='-Os' '-Wformat-signedness' '-fno-PIE' '-specs=nosys.specs' '-fno-builtin' '-fno-dwarf2-cfi-asm' '-mcmodel=large' '-fomit-frame-pointer' '-fzero-initialized-in-bss' '-fdollars-in-identifiers' '-ffunction-sections' '-fdata-sections' '-fno-aggressive-loop-optimizations' '-fno-optimize-strlen' '-fno-schedule-insns' '-fno-inline-small-functions' '-fno-inline-functions-called-once' '-fno-strict-aliasing' '-finline-limit=20' '-mstrict-align' '-mlittle-endian' '-nostartfiles' '-funwind-tables' '-v' '-c' '-o' 'CMakeFiles/cmTC_ef426.dir/CMakeCCompilerABI.c.o' '-D' '_GNU_SOURCE' '-D' '_POSIX_THREADS' '-D' '_POSIX_THREAD_PRIORITY_SCHEDULING' '-D' '_POSIX_PRIORITY_SCHEDULING' '-D' '_POSIX_TIMERS' '-D' '_POSIX_CPUTIME' '-D' '_POSIX_THREAD_CPUTIME' '-D' '_POSIX_MONOTONIC_CLOCK' '-D' '_POSIX_TIMEOUTS' '-D' '_POSIX_CLOCK_SELECTION' '-D' '_POSIX_THREAD_PRIO_PROTECT' '-D' '_UNIX98_THREAD_MUTEX_ATTRIBUTES' '-D' '_POSIX_READER_WRITER_LOCKS' '-D' '_GNU_SOURCE' '-D' '_POSIX_THREADS' '-D' '_POSIX_THREAD_PRIORITY_SCHEDULING' '-D' '_POSIX_PRIORITY_SCHEDULING' '-D' '_POSIX_TIMERS' '-D' '_POSIX_CPUTIME' '-D' '_POSIX_THREAD_CPUTIME' '-D' '_POSIX_MONOTONIC_CLOCK' '-D' '_POSIX_TIMEOUTS' '-D' '_POSIX_CLOCK_SELECTION' '-D' '_POSIX_THREAD_PRIO_PROTECT' '-D' '_UNIX98_THREAD_MUTEX_ATTRIBUTES' '-D' '_POSIX_READER_WRITER_LOCKS' '-mabi=lp64' '-dumpdir' 'CMakeFiles/cmTC_ef426.dir/']
  ignore line: [ /bsp/pro/toolchains/in-use/armcc-bm64-v13.2/bin/../libexec/gcc/aarch64-none-elf/13.2.1/cc1 -quiet -v -iprefix /bsp/pro/toolchains/in-use/armcc-bm64-v13.2/bin/../lib/gcc/aarch64-none-elf/13.2.1/ -isysroot /bsp/pro/toolchains/in-use/armcc-bm64-v13.2/bin/../aarch64-none-elf -D _GNU_SOURCE -D _POSIX_THREADS -D _POSIX_THREAD_PRIORITY_SCHEDULING -D _POSIX_PRIORITY_SCHEDULING -D _POSIX_TIMERS -D _POSIX_CPUTIME -D _POSIX_THREAD_CPUTIME -D _POSIX_MONOTONIC_CLOCK -D _POSIX_TIMEOUTS -D _POSIX_CLOCK_SELECTION -D _POSIX_THREAD_PRIO_PROTECT -D _UNIX98_THREAD_MUTEX_ATTRIBUTES -D _POSIX_READER_WRITER_LOCKS -D _GNU_SOURCE -D _POSIX_THREADS -D _POSIX_THREAD_PRIORITY_SCHEDULING -D _POSIX_PRIORITY_SCHEDULING -D _POSIX_TIMERS -D _POSIX_CPUTIME -D _POSIX_THREAD_CPUTIME -D _POSIX_MONOTONIC_CLOCK -D _POSIX_TIMEOUTS -D _POSIX_CLOCK_SELECTION -D _POSIX_THREAD_PRIO_PROTECT -D _UNIX98_THREAD_MUTEX_ATTRIBUTES -D _POSIX_READER_WRITER_LOCKS /usr/share/cmake-3.22/Modules/CMakeCCompilerABI.c -quiet -dumpdir CMakeFiles/cmTC_ef426.dir/ -dumpbase CMakeCCompilerABI.c.c -dumpbase-ext .c -mcmodel=large -mstrict-align -mlittle-endian -mabi=lp64 -Os -Wformat-signedness -version -fno-PIE -fno-builtin -fno-dwarf2-cfi-asm -fomit-frame-pointer -fzero-initialized-in-bss -fdollars-in-identifiers -ffunction-sections -fdata-sections -fno-aggressive-loop-optimizations -fno-optimize-strlen -fno-schedule-insns -fno-inline-small-functions -fno-inline-functions-called-once -fno-strict-aliasing -finline-limit=20 -funwind-tables -o /tmp/ccURpyaf.s]
  ignore line: [GNU C17 (Arm GNU Toolchain 13.2.rel1 (Build arm-13.7)) version 13.2.1 20231009 (aarch64-none-elf)]
  ignore line: [	compiled by GNU C version 7.5.0  GMP version 6.2.1  MPFR version 3.1.6  MPC version 1.0.3  isl version isl-0.15-1-g835ea3a-GMP]
  ignore line: []
  ignore line: [GGC heuristics: --param ggc-min-expand=100 --param ggc-min-heapsize=131072]
  ignore line: [ignoring duplicate directory "/bsp/pro/toolchains/in-use/armcc-bm64-v13.2/bin/../lib/gcc/../../lib/gcc/aarch64-none-elf/13.2.1/include"]
  ignore line: [ignoring nonexistent directory "/bsp/pro/toolchains/in-use/armcc-bm64-v13.2/bin/../aarch64-none-elf/usr/local/include"]
  ignore line: [ignoring duplicate directory "/bsp/pro/toolchains/in-use/armcc-bm64-v13.2/bin/../lib/gcc/../../lib/gcc/aarch64-none-elf/13.2.1/include-fixed"]
  ignore line: [ignoring duplicate directory "/bsp/pro/toolchains/in-use/armcc-bm64-v13.2/bin/../lib/gcc/../../lib/gcc/aarch64-none-elf/13.2.1/../../../../aarch64-none-elf/include"]
  ignore line: [ignoring duplicate directory "/bsp/pro/toolchains/in-use/armcc-bm64-v13.2/bin/../aarch64-none-elf/include"]
  ignore line: [#include "..." search starts here:]
  ignore line: [#include <...> search starts here:]
  ignore line: [ /bsp/pro/toolchains/in-use/armcc-bm64-v13.2/bin/../lib/gcc/aarch64-none-elf/13.2.1/include]
  ignore line: [ /bsp/pro/toolchains/in-use/armcc-bm64-v13.2/bin/../lib/gcc/aarch64-none-elf/13.2.1/include-fixed]
  ignore line: [ /bsp/pro/toolchains/in-use/armcc-bm64-v13.2/bin/../lib/gcc/aarch64-none-elf/13.2.1/../../../../aarch64-none-elf/include]
  ignore line: [End of search list.]
  ignore line: [Compiler executable checksum: 6f69a9c23f128f24ed80dff44fa65cea]
  ignore line: [COLLECT_GCC_OPTIONS='-Os' '-Wformat-signedness' '-fno-PIE' '-specs=nosys.specs' '-fno-builtin' '-fno-dwarf2-cfi-asm' '-mcmodel=large' '-fomit-frame-pointer' '-fzero-initialized-in-bss' '-fdollars-in-identifiers' '-ffunction-sections' '-fdata-sections' '-fno-aggressive-loop-optimizations' '-fno-optimize-strlen' '-fno-schedule-insns' '-fno-inline-small-functions' '-fno-inline-functions-called-once' '-fno-strict-aliasing' '-finline-limit=20' '-mstrict-align' '-mlittle-endian' '-nostartfiles' '-funwind-tables' '-v' '-c' '-o' 'CMakeFiles/cmTC_ef426.dir/CMakeCCompilerABI.c.o' '-D' '_GNU_SOURCE' '-D' '_POSIX_THREADS' '-D' '_POSIX_THREAD_PRIORITY_SCHEDULING' '-D' '_POSIX_PRIORITY_SCHEDULING' '-D' '_POSIX_TIMERS' '-D' '_POSIX_CPUTIME' '-D' '_POSIX_THREAD_CPUTIME' '-D' '_POSIX_MONOTONIC_CLOCK' '-D' '_POSIX_TIMEOUTS' '-D' '_POSIX_CLOCK_SELECTION' '-D' '_POSIX_THREAD_PRIO_PROTECT' '-D' '_UNIX98_THREAD_MUTEX_ATTRIBUTES' '-D' '_POSIX_READER_WRITER_LOCKS' '-D' '_GNU_SOURCE' '-D' '_POSIX_THREADS' '-D' '_POSIX_THREAD_PRIORITY_SCHEDULING' '-D' '_POSIX_PRIORITY_SCHEDULING' '-D' '_POSIX_TIMERS' '-D' '_POSIX_CPUTIME' '-D' '_POSIX_THREAD_CPUTIME' '-D' '_POSIX_MONOTONIC_CLOCK' '-D' '_POSIX_TIMEOUTS' '-D' '_POSIX_CLOCK_SELECTION' '-D' '_POSIX_THREAD_PRIO_PROTECT' '-D' '_UNIX98_THREAD_MUTEX_ATTRIBUTES' '-D' '_POSIX_READER_WRITER_LOCKS' '-mabi=lp64' '-dumpdir' 'CMakeFiles/cmTC_ef426.dir/']
  ignore line: [ /bsp/pro/toolchains/in-use/armcc-bm64-v13.2/bin/../lib/gcc/aarch64-none-elf/13.2.1/../../../../aarch64-none-elf/bin/as -v -EL -mabi=lp64 -o CMakeFiles/cmTC_ef426.dir/CMakeCCompilerABI.c.o /tmp/ccURpyaf.s]
  ignore line: [GNU assembler version 2.41.0 (aarch64-none-elf) using BFD version (Arm GNU Toolchain 13.2.rel1 (Build arm-13.7)) 2.41.0.20231009]
  ignore line: [COMPILER_PATH=/bsp/pro/toolchains/in-use/armcc-bm64-v13.2/bin/../libexec/gcc/aarch64-none-elf/13.2.1/:/bsp/pro/toolchains/in-use/armcc-bm64-v13.2/bin/../libexec/gcc/:/bsp/pro/toolchains/in-use/armcc-bm64-v13.2/bin/../lib/gcc/aarch64-none-elf/13.2.1/../../../../aarch64-none-elf/bin/]
  ignore line: [LIBRARY_PATH=/bsp/pro/toolchains/in-use/armcc-bm64-v13.2/bin/../lib/gcc/aarch64-none-elf/13.2.1/:/bsp/pro/toolchains/in-use/armcc-bm64-v13.2/bin/../lib/gcc/:/bsp/pro/toolchains/in-use/armcc-bm64-v13.2/bin/../lib/gcc/aarch64-none-elf/13.2.1/../../../../aarch64-none-elf/lib/:/bsp/pro/toolchains/in-use/armcc-bm64-v13.2/bin/../aarch64-none-elf/lib/]
  ignore line: [COLLECT_GCC_OPTIONS='-Os' '-Wformat-signedness' '-fno-PIE' '-specs=nosys.specs' '-fno-builtin' '-fno-dwarf2-cfi-asm' '-mcmodel=large' '-fomit-frame-pointer' '-fzero-initialized-in-bss' '-fdollars-in-identifiers' '-ffunction-sections' '-fdata-sections' '-fno-aggressive-loop-optimizations' '-fno-optimize-strlen' '-fno-schedule-insns' '-fno-inline-small-functions' '-fno-inline-functions-called-once' '-fno-strict-aliasing' '-finline-limit=20' '-mstrict-align' '-mlittle-endian' '-nostartfiles' '-funwind-tables' '-v' '-c' '-o' 'CMakeFiles/cmTC_ef426.dir/CMakeCCompilerABI.c.o' '-D' '_GNU_SOURCE' '-D' '_POSIX_THREADS' '-D' '_POSIX_THREAD_PRIORITY_SCHEDULING' '-D' '_POSIX_PRIORITY_SCHEDULING' '-D' '_POSIX_TIMERS' '-D' '_POSIX_CPUTIME' '-D' '_POSIX_THREAD_CPUTIME' '-D' '_POSIX_MONOTONIC_CLOCK' '-D' '_POSIX_TIMEOUTS' '-D' '_POSIX_CLOCK_SELECTION' '-D' '_POSIX_THREAD_PRIO_PROTECT' '-D' '_UNIX98_THREAD_MUTEX_ATTRIBUTES' '-D' '_POSIX_READER_WRITER_LOCKS' '-D' '_GNU_SOURCE' '-D' '_POSIX_THREADS' '-D' '_POSIX_THREAD_PRIORITY_SCHEDULING' '-D' '_POSIX_PRIORITY_SCHEDULING' '-D' '_POSIX_TIMERS' '-D' '_POSIX_CPUTIME' '-D' '_POSIX_THREAD_CPUTIME' '-D' '_POSIX_MONOTONIC_CLOCK' '-D' '_POSIX_TIMEOUTS' '-D' '_POSIX_CLOCK_SELECTION' '-D' '_POSIX_THREAD_PRIO_PROTECT' '-D' '_UNIX98_THREAD_MUTEX_ATTRIBUTES' '-D' '_POSIX_READER_WRITER_LOCKS' '-mabi=lp64' '-dumpdir' 'CMakeFiles/cmTC_ef426.dir/CMakeCCompilerABI.c.']
  ignore line: [Linking C executable cmTC_ef426]
  ignore line: [/usr/bin/cmake -E cmake_link_script CMakeFiles/cmTC_ef426.dir/link.txt --verbose=1]
  ignore line: [/bsp/pro/toolchains/in-use/armcc-bm64-v13.2/bin/aarch64-none-elf-gcc -Os   -Wformat-signedness    -Wl --build-id=none   -fno-PIE -fno-PIE --specs=nosys.specs -fno-builtin -fno-dwarf2-cfi-asm -mcmodel=large -fomit-frame-pointer -fzero-initialized-in-bss -fdollars-in-identifiers -ffunction-sections -fdata-sections -fno-aggressive-loop-optimizations -fno-optimize-strlen -fno-schedule-insns -fno-inline-small-functions -fno-inline-functions-called-once -fno-strict-aliasing -finline-limit=20 -mstrict-align -mlittle-endian -nostartfiles -funwind-tables    -r   -v CMakeFiles/cmTC_ef426.dir/CMakeCCompilerABI.c.o -o cmTC_ef426 ]
  ignore line: [Using built-in specs.]
  ignore line: [Reading specs from /bsp/pro/toolchains/in-use/armcc-bm64-v13.2/bin/../lib/gcc/aarch64-none-elf/13.2.1/../../../../aarch64-none-elf/lib/nosys.specs]
  ignore line: [rename spec link_gcc_c_sequence to nosys_link_gcc_c_sequence]
  ignore line: [COLLECT_GCC=/bsp/pro/toolchains/in-use/armcc-bm64-v13.2/bin/aarch64-none-elf-gcc]
  ignore line: [COLLECT_LTO_WRAPPER=/bsp/pro/toolchains/in-use/armcc-bm64-v13.2/bin/../libexec/gcc/aarch64-none-elf/13.2.1/lto-wrapper]
  ignore line: [Target: aarch64-none-elf]
  ignore line: [Configured with: /data/jenkins/workspace/GNU-toolchain/arm-13/src/gcc/configure --target=aarch64-none-elf --prefix=/data/jenkins/workspace/GNU-toolchain/arm-13/build-aarch64-none-elf/install --with-gmp=/data/jenkins/workspace/GNU-toolchain/arm-13/build-aarch64-none-elf/host-tools --with-mpfr=/data/jenkins/workspace/GNU-toolchain/arm-13/build-aarch64-none-elf/host-tools --with-mpc=/data/jenkins/workspace/GNU-toolchain/arm-13/build-aarch64-none-elf/host-tools --with-isl=/data/jenkins/workspace/GNU-toolchain/arm-13/build-aarch64-none-elf/host-tools --disable-shared --disable-nls --disable-threads --disable-tls --enable-checking=release --enable-languages=c,c++,fortran --with-newlib --with-gnu-as --with-headers=yes --with-gnu-ld --with-native-system-header-dir=/include --with-sysroot=/data/jenkins/workspace/GNU-toolchain/arm-13/build-aarch64-none-elf/install/aarch64-none-elf --with-pkgversion='Arm GNU Toolchain 13.2.rel1 (Build arm-13.7)' --with-bugurl=https://bugs.linaro.org/]
  ignore line: [Thread model: single]
  ignore line: [Supported LTO compression algorithms: zlib]
  ignore line: [gcc version 13.2.1 20231009 (Arm GNU Toolchain 13.2.rel1 (Build arm-13.7)) ]
  ignore line: [COMPILER_PATH=/bsp/pro/toolchains/in-use/armcc-bm64-v13.2/bin/../libexec/gcc/aarch64-none-elf/13.2.1/:/bsp/pro/toolchains/in-use/armcc-bm64-v13.2/bin/../libexec/gcc/:/bsp/pro/toolchains/in-use/armcc-bm64-v13.2/bin/../lib/gcc/aarch64-none-elf/13.2.1/../../../../aarch64-none-elf/bin/]
  ignore line: [LIBRARY_PATH=/bsp/pro/toolchains/in-use/armcc-bm64-v13.2/bin/../lib/gcc/aarch64-none-elf/13.2.1/:/bsp/pro/toolchains/in-use/armcc-bm64-v13.2/bin/../lib/gcc/:/bsp/pro/toolchains/in-use/armcc-bm64-v13.2/bin/../lib/gcc/aarch64-none-elf/13.2.1/../../../../aarch64-none-elf/lib/:/bsp/pro/toolchains/in-use/armcc-bm64-v13.2/bin/../aarch64-none-elf/lib/]
  ignore line: [COLLECT_GCC_OPTIONS='-Os' '-Wformat-signedness' '-fno-PIE' '-specs=nosys.specs' '-fno-builtin' '-fno-dwarf2-cfi-asm' '-mcmodel=large' '-fomit-frame-pointer' '-fzero-initialized-in-bss' '-fdollars-in-identifiers' '-ffunction-sections' '-fdata-sections' '-fno-aggressive-loop-optimizations' '-fno-optimize-strlen' '-fno-schedule-insns' '-fno-inline-small-functions' '-fno-inline-functions-called-once' '-fno-strict-aliasing' '-finline-limit=20' '-mstrict-align' '-mlittle-endian' '-nostartfiles' '-funwind-tables' '-r' '-v' '-o' 'cmTC_ef426' '-mabi=lp64' '-dumpdir' 'cmTC_ef426.']
  link line: [ /bsp/pro/toolchains/in-use/armcc-bm64-v13.2/bin/../libexec/gcc/aarch64-none-elf/13.2.1/collect2 -plugin /bsp/pro/toolchains/in-use/armcc-bm64-v13.2/bin/../libexec/gcc/aarch64-none-elf/13.2.1/liblto_plugin.so -plugin-opt=/bsp/pro/toolchains/in-use/armcc-bm64-v13.2/bin/../libexec/gcc/aarch64-none-elf/13.2.1/lto-wrapper -plugin-opt=-fresolution=/tmp/cc07tFJ9.res -plugin-opt=-pass-through=-lgcc -plugin-opt=-pass-through=-lc -plugin-opt=-pass-through=-lgcc -plugin-opt=-pass-through=-lgcc -plugin-opt=-pass-through=-lc -plugin-opt=-pass-through=-lnosys --sysroot=/bsp/pro/toolchains/in-use/armcc-bm64-v13.2/bin/../aarch64-none-elf -EL -X -maarch64elf -o cmTC_ef426 -r -L/bsp/pro/toolchains/in-use/armcc-bm64-v13.2/bin/../lib/gcc/aarch64-none-elf/13.2.1 -L/bsp/pro/toolchains/in-use/armcc-bm64-v13.2/bin/../lib/gcc -L/bsp/pro/toolchains/in-use/armcc-bm64-v13.2/bin/../lib/gcc/aarch64-none-elf/13.2.1/../../../../aarch64-none-elf/lib -L/bsp/pro/toolchains/in-use/armcc-bm64-v13.2/bin/../aarch64-none-elf/lib --build-id=none CMakeFiles/cmTC_ef426.dir/CMakeCCompilerABI.c.o]
    arg [/bsp/pro/toolchains/in-use/armcc-bm64-v13.2/bin/../libexec/gcc/aarch64-none-elf/13.2.1/collect2] ==> ignore
    arg [-plugin] ==> ignore
    arg [/bsp/pro/toolchains/in-use/armcc-bm64-v13.2/bin/../libexec/gcc/aarch64-none-elf/13.2.1/liblto_plugin.so] ==> ignore
    arg [-plugin-opt=/bsp/pro/toolchains/in-use/armcc-bm64-v13.2/bin/../libexec/gcc/aarch64-none-elf/13.2.1/lto-wrapper] ==> ignore
    arg [-plugin-opt=-fresolution=/tmp/cc07tFJ9.res] ==> ignore
    arg [-plugin-opt=-pass-through=-lgcc] ==> ignore
    arg [-plugin-opt=-pass-through=-lc] ==> ignore
    arg [-plugin-opt=-pass-through=-lgcc] ==> ignore
    arg [-plugin-opt=-pass-through=-lgcc] ==> ignore
    arg [-plugin-opt=-pass-through=-lc] ==> ignore
    arg [-plugin-opt=-pass-through=-lnosys] ==> ignore
    arg [--sysroot=/bsp/pro/toolchains/in-use/armcc-bm64-v13.2/bin/../aarch64-none-elf] ==> ignore
    arg [-EL] ==> ignore
    arg [-X] ==> ignore
    arg [-maarch64elf] ==> ignore
    arg [-o] ==> ignore
    arg [cmTC_ef426] ==> ignore
    arg [-r] ==> ignore
    arg [-L/bsp/pro/toolchains/in-use/armcc-bm64-v13.2/bin/../lib/gcc/aarch64-none-elf/13.2.1] ==> dir [/bsp/pro/toolchains/in-use/armcc-bm64-v13.2/bin/../lib/gcc/aarch64-none-elf/13.2.1]
    arg [-L/bsp/pro/toolchains/in-use/armcc-bm64-v13.2/bin/../lib/gcc] ==> dir [/bsp/pro/toolchains/in-use/armcc-bm64-v13.2/bin/../lib/gcc]
    arg [-L/bsp/pro/toolchains/in-use/armcc-bm64-v13.2/bin/../lib/gcc/aarch64-none-elf/13.2.1/../../../../aarch64-none-elf/lib] ==> dir [/bsp/pro/toolchains/in-use/armcc-bm64-v13.2/bin/../lib/gcc/aarch64-none-elf/13.2.1/../../../../aarch64-none-elf/lib]
    arg [-L/bsp/pro/toolchains/in-use/armcc-bm64-v13.2/bin/../aarch64-none-elf/lib] ==> dir [/bsp/pro/toolchains/in-use/armcc-bm64-v13.2/bin/../aarch64-none-elf/lib]
    arg [--build-id=none] ==> ignore
    arg [CMakeFiles/cmTC_ef426.dir/CMakeCCompilerABI.c.o] ==> ignore
  collapse library dir [/bsp/pro/toolchains/in-use/armcc-bm64-v13.2/bin/../lib/gcc/aarch64-none-elf/13.2.1] ==> [/bsp/pro/toolchains/in-use/armcc-bm64-v13.2/lib/gcc/aarch64-none-elf/13.2.1]
  collapse library dir [/bsp/pro/toolchains/in-use/armcc-bm64-v13.2/bin/../lib/gcc] ==> [/bsp/pro/toolchains/in-use/armcc-bm64-v13.2/lib/gcc]
  collapse library dir [/bsp/pro/toolchains/in-use/armcc-bm64-v13.2/bin/../lib/gcc/aarch64-none-elf/13.2.1/../../../../aarch64-none-elf/lib] ==> [/bsp/pro/toolchains/in-use/armcc-bm64-v13.2/aarch64-none-elf/lib]
  collapse library dir [/bsp/pro/toolchains/in-use/armcc-bm64-v13.2/bin/../aarch64-none-elf/lib] ==> [/bsp/pro/toolchains/in-use/armcc-bm64-v13.2/aarch64-none-elf/lib]
  implicit libs: []
  implicit objs: []
  implicit dirs: [/bsp/pro/toolchains/in-use/armcc-bm64-v13.2/lib/gcc/aarch64-none-elf/13.2.1;/bsp/pro/toolchains/in-use/armcc-bm64-v13.2/lib/gcc;/bsp/pro/toolchains/in-use/armcc-bm64-v13.2/aarch64-none-elf/lib]
  implicit fwks: []


